# JRE version: OpenJDK Runtime Environment (11.0.10) (build 11.0.10+0-b96-7249189)
# Java VM: OpenJDK 64-Bit Server VM (11.0.10+0-b96-7249189, mixed mode, tiered, compressed oops, g1 gc, windows-amd64)
Heap:
 garbage-first heap   total 574464K, used 220228K [0x0000000080000000, 0x0000000100000000)
  region size 1024K, 69 young (70656K), 3 survivors (3072K)
 Metaspace       used 129718K, capacity 133106K, committed 133376K, reserved 1165312K
  class space    used 15891K, capacity 17078K, committed 17152K, reserved 1048576K
GC Heap History (20 events):
Event: 771.936 GC heap before
{Heap before GC invocations=108 (full 0):
 garbage-first heap   total 418816K, used 203651K [0x0000000080000000, 0x0000000100000000)
  region size 1024K, 20 young (20480K), 7 survivors (7168K)
 Metaspace       used 121630K, capacity 124834K, committed 124928K, reserved 1159168K
  class space    used 14953K, capacity 16102K, committed 16128K, reserved 1048576K
}
Event: 772.021 GC heap after
{Heap after GC invocations=109 (full 0):
 garbage-first heap   total 418816K, used 188121K [0x0000000080000000, 0x0000000100000000)
  region size 1024K, 2 young (2048K), 2 survivors (2048K)
 Metaspace       used 121630K, capacity 124834K, committed 124928K, reserved 1159168K
  class space    used 14953K, capacity 16102K, committed 16128K, reserved 1048576K
}
Event: 773.191 GC heap before
{Heap before GC invocations=109 (full 0):
 garbage-first heap   total 418816K, used 244441K [0x0000000080000000, 0x0000000100000000)
  region size 1024K, 58 young (59392K), 2 survivors (2048K)
 Metaspace       used 122508K, capacity 125794K, committed 126080K, reserved 1159168K
  class space    used 15017K, capacity 16166K, committed 16256K, reserved 1048576K
}
Event: 773.198 GC heap after
{Heap after GC invocations=110 (full 0):
 garbage-first heap   total 418816K, used 188251K [0x0000000080000000, 0x0000000100000000)
  region size 1024K, 2 young (2048K), 2 survivors (2048K)
 Metaspace       used 122508K, capacity 125794K, committed 126080K, reserved 1159168K
  class space    used 15017K, capacity 16166K, committed 16256K, reserved 1048576K
}
Event: 776.275 GC heap before
{Heap before GC invocations=110 (full 0):
 garbage-first heap   total 418816K, used 260955K [0x0000000080000000, 0x0000000100000000)
  region size 1024K, 74 young (75776K), 2 survivors (2048K)
 Metaspace       used 125057K, capacity 128295K, committed 128384K, reserved 1161216K
  class space    used 15342K, capacity 16504K, committed 16512K, reserved 1048576K
}
Event: 776.288 GC heap after
{Heap after GC invocations=111 (full 0):
 garbage-first heap   total 418816K, used 188539K [0x0000000080000000, 0x0000000100000000)
  region size 1024K, 3 young (3072K), 3 survivors (3072K)
 Metaspace       used 125057K, capacity 128295K, committed 128384K, reserved 1161216K
  class space    used 15342K, capacity 16504K, committed 16512K, reserved 1048576K
}
Event: 778.951 GC heap before
{Heap before GC invocations=111 (full 0):
 garbage-first heap   total 418816K, used 277627K [0x0000000080000000, 0x0000000100000000)
  region size 1024K, 91 young (93184K), 3 survivors (3072K)
 Metaspace       used 126651K, capacity 129953K, committed 130176K, reserved 1163264K
  class space    used 15516K, capacity 16668K, committed 16768K, reserved 1048576K
}
Event: 778.968 GC heap after
{Heap after GC invocations=112 (full 0):
 garbage-first heap   total 418816K, used 192682K [0x0000000080000000, 0x0000000100000000)
  region size 1024K, 7 young (7168K), 7 survivors (7168K)
 Metaspace       used 126651K, capacity 129953K, committed 130176K, reserved 1163264K
  class space    used 15516K, capacity 16668K, committed 16768K, reserved 1048576K
}
Event: 782.249 GC heap before
{Heap before GC invocations=112 (full 0):
 garbage-first heap   total 418816K, used 299178K [0x0000000080000000, 0x0000000100000000)
  region size 1024K, 113 young (115712K), 7 survivors (7168K)
 Metaspace       used 127693K, capacity 130943K, committed 131072K, reserved 1163264K
  class space    used 15645K, capacity 16803K, committed 16896K, reserved 1048576K
}
Event: 782.280 GC heap after
{Heap after GC invocations=113 (full 0):
 garbage-first heap   total 418816K, used 200569K [0x0000000080000000, 0x0000000100000000)
  region size 1024K, 14 young (14336K), 14 survivors (14336K)
 Metaspace       used 127693K, capacity 130943K, committed 131072K, reserved 1163264K
  class space    used 15645K, capacity 16803K, committed 16896K, reserved 1048576K
}
Event: 789.131 GC heap before
{Heap before GC invocations=113 (full 0):
 garbage-first heap   total 418816K, used 323449K [0x0000000080000000, 0x0000000100000000)
  region size 1024K, 135 young (138240K), 14 survivors (14336K)
 Metaspace       used 128011K, capacity 131304K, committed 131328K, reserved 1163264K
  class space    used 15686K, capacity 16880K, committed 16896K, reserved 1048576K
}
Event: 789.430 GC heap after
{Heap after GC invocations=114 (full 0):
 garbage-first heap   total 418816K, used 207591K [0x0000000080000000, 0x0000000100000000)
  region size 1024K, 8 young (8192K), 8 survivors (8192K)
 Metaspace       used 128011K, capacity 131304K, committed 131328K, reserved 1163264K
  class space    used 15686K, capacity 16880K, committed 16896K, reserved 1048576K
}
Event: 792.051 GC heap before
{Heap before GC invocations=114 (full 0):
 garbage-first heap   total 418816K, used 251623K [0x0000000080000000, 0x0000000100000000)
  region size 1024K, 53 young (54272K), 8 survivors (8192K)
 Metaspace       used 128298K, capacity 131631K, committed 131968K, reserved 1165312K
  class space    used 15724K, capacity 16925K, committed 17024K, reserved 1048576K
}
Event: 792.310 GC heap after
{Heap after GC invocations=115 (full 0):
 garbage-first heap   total 418816K, used 206107K [0x0000000080000000, 0x0000000100000000)
  region size 1024K, 3 young (3072K), 3 survivors (3072K)
 Metaspace       used 128298K, capacity 131631K, committed 131968K, reserved 1165312K
  class space    used 15724K, capacity 16925K, committed 17024K, reserved 1048576K
}
Event: 801.540 GC heap before
{Heap before GC invocations=116 (full 0):
 garbage-first heap   total 418816K, used 300315K [0x0000000080000000, 0x0000000100000000)
  region size 1024K, 122 young (124928K), 3 survivors (3072K)
 Metaspace       used 129093K, capacity 132390K, committed 132480K, reserved 1165312K
  class space    used 15810K, capacity 16992K, committed 17024K, reserved 1048576K
}
Event: 801.672 GC heap after
{Heap after GC invocations=117 (full 0):
 garbage-first heap   total 418816K, used 179403K [0x0000000080000000, 0x0000000100000000)
  region size 1024K, 5 young (5120K), 5 survivors (5120K)
 Metaspace       used 129093K, capacity 132390K, committed 132480K, reserved 1165312K
  class space    used 15810K, capacity 16992K, committed 17024K, reserved 1048576K
}
Event: 803.010 GC heap before
{Heap before GC invocations=117 (full 0):
 garbage-first heap   total 418816K, used 194763K [0x0000000080000000, 0x0000000100000000)
  region size 1024K, 20 young (20480K), 5 survivors (5120K)
 Metaspace       used 129096K, capacity 132390K, committed 132480K, reserved 1165312K
  class space    used 15810K, capacity 16992K, committed 17024K, reserved 1048576K
}
Event: 803.076 GC heap after
{Heap after GC invocations=118 (full 0):
 garbage-first heap   total 574464K, used 150217K [0x0000000080000000, 0x0000000100000000)
  region size 1024K, 1 young (1024K), 1 survivors (1024K)
 Metaspace       used 129096K, capacity 132390K, committed 132480K, reserved 1165312K
  class space    used 15810K, capacity 16992K, committed 17024K, reserved 1048576K
}
Event: 805.949 GC heap before
{Heap before GC invocations=118 (full 0):
 garbage-first heap   total 574464K, used 229065K [0x0000000080000000, 0x0000000100000000)
  region size 1024K, 72 young (73728K), 1 survivors (1024K)
 Metaspace       used 129272K, capacity 132713K, committed 132864K, reserved 1165312K
  class space    used 15833K, capacity 17034K, committed 17152K, reserved 1048576K
}
Event: 805.964 GC heap after
{Heap after GC invocations=119 (full 0):
 garbage-first heap   total 574464K, used 154692K [0x0000000080000000, 0x0000000100000000)
  region size 1024K, 3 young (3072K), 3 survivors (3072K)
 Metaspace       used 129272K, capacity 132713K, committed 132864K, reserved 1165312K
  class space    used 15833K, capacity 17034K, committed 17152K, reserved 1048576K
}

